<?xml version="1.0" encoding="UTF-8"?>
<!-- Generated by org.testng.reporters.JUnitReportReporter -->
<testsuite skipped="0" hostname="Rajs-MacBook-Air.local" name="com.zoopla.tests.ZooplaTests" tests="3" failures="0" timestamp="2019-04-06T22:48:26 IST" time="64.150" errors="0">
  <testcase name="verifyHomePageTitle" time="10.377" classname="com.zoopla.tests.ZooplaTests"/>
  <testcase name="printPricesDescending" time="23.440" classname="com.zoopla.tests.ZooplaTests"/>
  <testcase name="verifyAgentDetails" time="30.333" classname="com.zoopla.tests.ZooplaTests"/>
</testsuite> <!-- com.zoopla.tests.ZooplaTests -->
