<?xml version="1.0" encoding="UTF-8"?>
<!-- Generated by org.testng.reporters.JUnitReportReporter -->
<testsuite skipped="0" hostname="Rajs-MacBook-Air.local" name="com.zoopla.tests.ZooplaSearchResultsTests" tests="1" failures="0" timestamp="2019-04-27T17:58:33 IST" time="13.121" errors="0">
  <testcase name="printPricesDescending" time="13.121" classname="com.zoopla.tests.ZooplaSearchResultsTests"/>
</testsuite> <!-- com.zoopla.tests.ZooplaSearchResultsTests -->
