<?xml version="1.0" encoding="UTF-8"?>
<!-- Generated by org.testng.reporters.JUnitReportReporter -->
<testsuite skipped="0" hostname="Rajs-MacBook-Air.local" name="com.zoopla.tests.ZooplaEndToEnd" tests="1" failures="0" timestamp="2019-04-06T23:15:25 IST" time="22.416" errors="0">
  <testcase name="verifyAgentDetails" time="22.416" classname="com.zoopla.tests.ZooplaEndToEnd"/>
</testsuite> <!-- com.zoopla.tests.ZooplaEndToEnd -->
