<?xml version="1.0" encoding="UTF-8"?>
<!-- Generated by org.testng.reporters.JUnitReportReporter -->
<testsuite skipped="0" hostname="Rajs-MacBook-Air.local" name="com.zoopla.tests.ZooplaSearchResultsTests" tests="1" failures="0" timestamp="2019-04-07T11:44:51 IST" time="10.175" errors="0">
  <testcase name="printPricesDescending" time="10.175" classname="com.zoopla.tests.ZooplaSearchResultsTests"/>
</testsuite> <!-- com.zoopla.tests.ZooplaSearchResultsTests -->
