<?xml version="1.0" encoding="UTF-8"?>
<!-- Generated by org.testng.reporters.JUnitReportReporter -->
<testsuite skipped="0" hostname="Rajs-MacBook-Air.local" name="com.zoopla.tests.ZooplaEndToEnd" tests="3" failures="0" timestamp="2019-04-07T11:44:51 IST" time="68.128" errors="0">
  <testcase name="verifyAgentDetails" time="20.891" classname="com.zoopla.tests.ZooplaEndToEnd"/>
  <testcase name="verifyAgentDetails" time="24.354" classname="com.zoopla.tests.ZooplaEndToEnd"/>
  <testcase name="verifyAgentDetails" time="22.883" classname="com.zoopla.tests.ZooplaEndToEnd"/>
</testsuite> <!-- com.zoopla.tests.ZooplaEndToEnd -->
