<?xml version="1.0" encoding="UTF-8"?>
<!-- Generated by org.testng.reporters.JUnitReportReporter -->
<testsuite skipped="0" hostname="Rajs-MacBook-Air.local" name="com.zoopla.tests.ZooplaHomePageTests" tests="1" failures="0" timestamp="2019-04-06T23:15:25 IST" time="10.563" errors="0">
  <testcase name="verifyHomePageTitle" time="10.563" classname="com.zoopla.tests.ZooplaHomePageTests"/>
</testsuite> <!-- com.zoopla.tests.ZooplaHomePageTests -->
