<?xml version="1.0" encoding="UTF-8"?>
<!-- Generated by org.testng.reporters.JUnitReportReporter -->
<testsuite skipped="0" hostname="Rajs-MacBook-Air.local" name="com.zoopla.tests.ZooplaEndToEnd" tests="3" failures="0" timestamp="2019-04-07T18:56:58 IST" time="82.122" errors="0">
  <testcase name="verifyAgentDetails" time="29.535" classname="com.zoopla.tests.ZooplaEndToEnd"/>
  <testcase name="verifyAgentDetails" time="26.219" classname="com.zoopla.tests.ZooplaEndToEnd"/>
  <testcase name="verifyAgentDetails" time="26.368" classname="com.zoopla.tests.ZooplaEndToEnd"/>
</testsuite> <!-- com.zoopla.tests.ZooplaEndToEnd -->
