<?xml version="1.0" encoding="UTF-8"?>
<!-- Generated by org.testng.reporters.JUnitReportReporter -->
<testsuite skipped="0" hostname="Rajs-MacBook-Air.local" name="com.zoopla.tests.ZooplaEndToEnd" tests="4" failures="0" timestamp="2019-04-07T20:20:00 IST" time="98.824" errors="0">
  <testcase name="verifyAgentDetails" time="22.929" classname="com.zoopla.tests.ZooplaEndToEnd"/>
  <testcase name="verifyAgentDetails" time="26.754" classname="com.zoopla.tests.ZooplaEndToEnd"/>
  <testcase name="verifyAgentDetails" time="23.202" classname="com.zoopla.tests.ZooplaEndToEnd"/>
  <testcase name="verifyAgentDetails" time="25.939" classname="com.zoopla.tests.ZooplaEndToEnd"/>
</testsuite> <!-- com.zoopla.tests.ZooplaEndToEnd -->
